OpenROAD v2.0-5406-gf7df40058 
This program is licensed under the BSD-3 license. See the LICENSE file for details.
Components of this program may be licensed under more restrictive licenses which must be honored.
[INFO ODB-0222] Reading LEF file: /home/mahati/OpenFASOC/openfasoc/generators/PLL-gen/flow/../../../common/platforms/sky130hd/lef/sky130_fd_sc_hd.tlef
[INFO ODB-0223]     Created 13 technology layers
[INFO ODB-0224]     Created 25 technology vias
[INFO ODB-0226] Finished LEF file:  /home/mahati/OpenFASOC/openfasoc/generators/PLL-gen/flow/../../../common/platforms/sky130hd/lef/sky130_fd_sc_hd.tlef
[INFO ODB-0222] Reading LEF file: /home/mahati/OpenFASOC/openfasoc/generators/PLL-gen/flow/../../../common/platforms/sky130hd/lef/sky130_fd_sc_hd_merged.lef
[INFO ODB-0225]     Created 441 library cells
[INFO ODB-0226] Finished LEF file:  /home/mahati/OpenFASOC/openfasoc/generators/PLL-gen/flow/../../../common/platforms/sky130hd/lef/sky130_fd_sc_hd_merged.lef
[INFO ODB-0222] Reading LEF file: ../blocks/sky130hd/lef/VCO.lef
[WARNING ODB-0220] WARNING (LEFPARS-2008): NOWIREEXTENSIONATPIN statement is obsolete in version 5.6 or later.
The NOWIREEXTENSIONATPIN statement will be ignored. See file ../blocks/sky130hd/lef/VCO.lef at line 2.

[INFO ODB-0225]     Created 1 library cells
[INFO ODB-0226] Finished LEF file:  ../blocks/sky130hd/lef/VCO.lef
[INFO ODB-0222] Reading LEF file: ../blocks/sky130hd/lef/CP.lef
[WARNING ODB-0220] WARNING (LEFPARS-2008): NOWIREEXTENSIONATPIN statement is obsolete in version 5.6 or later.
The NOWIREEXTENSIONATPIN statement will be ignored. See file ../blocks/sky130hd/lef/CP.lef at line 2.

[INFO ODB-0225]     Created 1 library cells
[INFO ODB-0226] Finished LEF file:  ../blocks/sky130hd/lef/CP.lef
[WARNING ORD-1011] LEF master CP has no liberty cell.
[WARNING ORD-1011] LEF master VCO has no liberty cell.
number instances in verilog is 13
[WARNING IFP-0028] Core area lower left (15.000, 15.000) snapped to (15.180, 16.320).
[INFO IFP-0001] Added 60 rows of 358 sites.
[INFO RSZ-0026] Removed 0 buffers.
Default units for flow
 time 1ns
 capacitance 1pF
 resistance 1kohm
 voltage 1v
 current 1mA
 power 1nW
 distance 1um

==========================================================================
floorplan final report_tns
--------------------------------------------------------------------------
tns 0.00

==========================================================================
floorplan final report_wns
--------------------------------------------------------------------------
wns 0.00

==========================================================================
floorplan final report_worst_slack
--------------------------------------------------------------------------
worst slack INF

==========================================================================
floorplan final report_clock_skew
--------------------------------------------------------------------------

==========================================================================
floorplan final report_checks -path_delay min
--------------------------------------------------------------------------
No paths found.

==========================================================================
floorplan final report_checks -path_delay max
--------------------------------------------------------------------------
No paths found.

==========================================================================
floorplan final report_checks -unconstrained
--------------------------------------------------------------------------
Startpoint: _13_ (rising edge-triggered flip-flop)
Endpoint: _12_ (rising edge-triggered flip-flop)
Path Group: (none)
Path Type: max

Fanout     Cap    Slew   Delay    Time   Description
-----------------------------------------------------------------------------
                  0.04    0.00    0.00 ^ _13_/CLK (sky130_fd_sc_hd__dfxtp_1)
                  0.04    0.29    0.29 ^ _13_/Q (sky130_fd_sc_hd__dfxtp_1)
     2    0.00                           pfd0.DN (net)
                  0.04    0.00    0.29 ^ _06_/A (sky130_fd_sc_hd__nand2_1)
                  0.03    0.05    0.34 v _06_/Y (sky130_fd_sc_hd__nand2_1)
     2    0.00                           _00_ (net)
                  0.03    0.00    0.34 v _12_/D (sky130_fd_sc_hd__dfxtp_1)
                                  0.34   data arrival time
-----------------------------------------------------------------------------
(Path is unconstrained)



==========================================================================
floorplan final report_power
--------------------------------------------------------------------------
Group                  Internal  Switching    Leakage      Total
                          Power      Power      Power      Power (Watts)
----------------------------------------------------------------
Sequential             2.25e-14   2.18e-15   4.22e-11   4.22e-11  59.5%
Combinational          2.38e-15   3.49e-15   2.88e-11   2.88e-11  40.5%
Macro                  0.00e+00   0.00e+00   0.00e+00   0.00e+00   0.0%
Pad                    0.00e+00   0.00e+00   0.00e+00   0.00e+00   0.0%
----------------------------------------------------------------
Total                  2.49e-14   5.67e-15   7.09e-11   7.10e-11 100.0%
                           0.0%       0.0%     100.0%

==========================================================================
floorplan final report_design_area
--------------------------------------------------------------------------
Design area 313 u^2 1% utilization.

Elapsed time: 0:00.61[h:]min:sec. CPU time: user 0.53 sys 0.05 (95%). Peak memory: 111776KB.
