OpenROAD v2.0-5406-gf7df40058 
This program is licensed under the BSD-3 license. See the LICENSE file for details.
Components of this program may be licensed under more restrictive licenses which must be honored.
Placement Analysis
---------------------------------
total displacement        100.8 u
average displacement        0.2 u
max displacement           55.8 u
original HPWL             957.9 u
legalized HPWL            976.3 u
delta HPWL                    2 %

[INFO DPL-0020] Mirrored 4 instances
[INFO DPL-0021] HPWL before             976.3 u
[INFO DPL-0022] HPWL after              959.2 u
[INFO DPL-0023] HPWL delta               -1.8 %
[INFO FLW-0012] Placement violations .

==========================================================================
detailed place report_tns
--------------------------------------------------------------------------
tns 0.00

==========================================================================
detailed place report_wns
--------------------------------------------------------------------------
wns 0.00

==========================================================================
detailed place report_worst_slack
--------------------------------------------------------------------------
worst slack INF

==========================================================================
detailed place report_clock_skew
--------------------------------------------------------------------------

==========================================================================
detailed place report_checks -path_delay min
--------------------------------------------------------------------------
No paths found.

==========================================================================
detailed place report_checks -path_delay max
--------------------------------------------------------------------------
No paths found.

==========================================================================
detailed place report_checks -unconstrained
--------------------------------------------------------------------------
Startpoint: _12_ (rising edge-triggered flip-flop)
Endpoint: _13_ (rising edge-triggered flip-flop)
Path Group: (none)
Path Type: max

Fanout     Cap    Slew   Delay    Time   Description
-----------------------------------------------------------------------------
                  0.29    0.00    0.00 ^ _12_/CLK (sky130_fd_sc_hd__dfxtp_1)
                  0.24    0.52    0.52 ^ _12_/Q (sky130_fd_sc_hd__dfxtp_1)
     2    0.03                           pfd0.UP (net)
                  0.24    0.00    0.52 ^ _06_/B (sky130_fd_sc_hd__nand2_1)
                  0.08    0.10    0.62 v _06_/Y (sky130_fd_sc_hd__nand2_1)
     2    0.00                           _00_ (net)
                  0.08    0.00    0.62 v _13_/D (sky130_fd_sc_hd__dfxtp_1)
                                  0.62   data arrival time
-----------------------------------------------------------------------------
(Path is unconstrained)



==========================================================================
detailed place report_check_types -max_slew -max_cap -max_fanout -violators
--------------------------------------------------------------------------

==========================================================================
detailed place max_slew_check_slack
--------------------------------------------------------------------------
1.2123680114746094

==========================================================================
detailed place max_slew_check_limit
--------------------------------------------------------------------------
1.4983500242233276

==========================================================================
detailed place max_slew_check_slack_limit
--------------------------------------------------------------------------
0.8091

==========================================================================
detailed place max_fanout_check_slack
--------------------------------------------------------------------------
1.0000000150474662e+30

==========================================================================
detailed place max_fanout_check_limit
--------------------------------------------------------------------------
1.0000000150474662e+30

==========================================================================
detailed place max_capacitance_check_slack
--------------------------------------------------------------------------
0.13683439791202545

==========================================================================
detailed place max_capacitance_check_limit
--------------------------------------------------------------------------
0.1620579957962036

==========================================================================
detailed place max_capacitance_check_slack_limit
--------------------------------------------------------------------------
0.8444

==========================================================================
detailed place max_slew_violation_count
--------------------------------------------------------------------------
max slew violation count 0

==========================================================================
detailed place max_fanout_violation_count
--------------------------------------------------------------------------
max fanout violation count 0

==========================================================================
detailed place max_cap_violation_count
--------------------------------------------------------------------------
max cap violation count 0

==========================================================================
detailed place setup_violation_count
--------------------------------------------------------------------------
setup violation count 0

==========================================================================
detailed place hold_violation_count
--------------------------------------------------------------------------
hold violation count 0

==========================================================================
detailed place critical path delay
--------------------------------------------------------------------------
-1

==========================================================================
detailed place critical path slack
--------------------------------------------------------------------------
0

==========================================================================
detailed place slack div critical path delay
--------------------------------------------------------------------------
0.000000

==========================================================================
detailed place report_power
--------------------------------------------------------------------------
Group                  Internal  Switching    Leakage      Total
                          Power      Power      Power      Power (Watts)
----------------------------------------------------------------
Sequential             2.26e-14   1.23e-14   4.22e-11   4.22e-11   4.2%
Combinational          2.33e-15   1.00e-14   9.75e-10   9.75e-10  95.8%
Macro                  0.00e+00   0.00e+00   0.00e+00   0.00e+00   0.0%
Pad                    0.00e+00   0.00e+00   0.00e+00   0.00e+00   0.0%
----------------------------------------------------------------
Total                  2.49e-14   2.23e-14   1.02e-09   1.02e-09 100.0%
                           0.0%       0.0%     100.0%

==========================================================================
detailed place report_design_area
--------------------------------------------------------------------------
Design area 2127 u^2 8% utilization.

Elapsed time: 0:00.54[h:]min:sec. CPU time: user 0.49 sys 0.05 (99%). Peak memory: 109596KB.
