OpenROAD v2.0-5406-gf7df40058 
This program is licensed under the BSD-3 license. See the LICENSE file for details.
Components of this program may be licensed under more restrictive licenses which must be honored.
[INFO] Deleted 0 routing obstructions
[INFO RCX-0431] Defined process_corner X with ext_model_index 0
[INFO RCX-0029] Defined extraction corner X
[INFO RCX-0008] extracting parasitics of PLL ...
[INFO RCX-0435] Reading extraction model file /home/mahati/OpenFASOC/openfasoc/generators/PLL-gen/flow/../../../common/platforms/sky130hd/rcx_patterns.rules ...
[INFO RCX-0436] RC segment generation PLL (max_merge_res 50.0) ...
[INFO RCX-0040] Final 47 rc segments
[INFO RCX-0439] Coupling Cap extraction PLL ...
[INFO RCX-0440] Coupling threshhold is 0.1000 fF, coupling capacitance less than 0.1000 fF will be grounded.
[INFO RCX-0043] 743 wires to be extracted
[INFO RCX-0442] 90% completion -- 673 wires have been extracted
[INFO RCX-0442] 100% completion -- 743 wires have been extracted
[INFO RCX-0045] Extract 15 nets, 61 rsegs, 61 caps, 22 ccs
[INFO RCX-0015] Finished extracting PLL.
[INFO RCX-0016] Writing SPEF ...
[INFO RCX-0443] 14 nets finished
[INFO RCX-0017] Finished writing SPEF ...
[WARNING PSM-0016] Voltage pad location (VSRC) file not specified, defaulting pad location to checkerboard pattern on core area.
[WARNING PSM-0017] X direction bump pitch is not specified, defaulting to 140um.
[WARNING PSM-0018] Y direction bump pitch is not specified, defaulting to 140um.
[WARNING PSM-0065] VSRC location not specified, using default checkerboard pattern with one VDD every size bumps in x-direction and one in two bumps in the y-direction
[INFO PSM-0076] Setting metal node density to be standard cell height times 5.
[WARNING PSM-0030] VSRC location at (97.520um, 97.920um) and size 10.000um, is not located on an existing power stripe node. Moving to closest node at (104.500um, 105.620um).
[INFO PSM-0031] Number of PDN nodes on net VDD = 1776.
[INFO PSM-0064] Number of voltage sources = 1.
[WARNING PSM-0038] Unconnected PDN node on net VDD at location (50.140um, 149.600um), layer: 2.
[WARNING PSM-0039] Unconnected instance PHY_252 at location (50.140um, 149.600um) layer: 2.
[WARNING PSM-0038] Unconnected PDN node on net VDD at location (99.820um, 149.600um), layer: 2.
[WARNING PSM-0038] Unconnected PDN node on net VDD at location (62.560um, 149.600um), layer: 2.
[WARNING PSM-0038] Unconnected PDN node on net VDD at location (74.980um, 149.600um), layer: 2.
[WARNING PSM-0038] Unconnected PDN node on net VDD at location (87.400um, 149.600um), layer: 2.
[WARNING PSM-0038] Unconnected PDN node on net VDD at location (50.140um, 144.160um), layer: 2.
[WARNING PSM-0039] Unconnected instance PHY_240 at location (50.140um, 144.160um) layer: 2.
[WARNING PSM-0039] Unconnected instance PHY_246 at location (50.140um, 144.160um) layer: 2.
[WARNING PSM-0038] Unconnected PDN node on net VDD at location (99.820um, 144.160um), layer: 2.
[WARNING PSM-0039] Unconnected instance PHY_247 at location (99.820um, 144.160um) layer: 2.
[WARNING PSM-0039] Unconnected instance PHY_253 at location (99.820um, 144.160um) layer: 2.
[WARNING PSM-0038] Unconnected PDN node on net VDD at location (62.560um, 144.160um), layer: 2.
[WARNING PSM-0038] Unconnected PDN node on net VDD at location (74.980um, 144.160um), layer: 2.
[WARNING PSM-0038] Unconnected PDN node on net VDD at location (87.400um, 144.160um), layer: 2.
[WARNING PSM-0038] Unconnected PDN node on net VDD at location (50.140um, 138.720um), layer: 2.
[WARNING PSM-0039] Unconnected instance PHY_228 at location (50.140um, 138.720um) layer: 2.
[WARNING PSM-0039] Unconnected instance PHY_234 at location (50.140um, 138.720um) layer: 2.
[WARNING PSM-0038] Unconnected PDN node on net VDD at location (99.820um, 138.720um), layer: 2.
[WARNING PSM-0039] Unconnected instance PHY_235 at location (99.820um, 138.720um) layer: 2.
[WARNING PSM-0039] Unconnected instance PHY_241 at location (99.820um, 138.720um) layer: 2.
[WARNING PSM-0038] Unconnected PDN node on net VDD at location (62.560um, 138.720um), layer: 2.
[WARNING PSM-0038] Unconnected PDN node on net VDD at location (74.980um, 138.720um), layer: 2.
[WARNING PSM-0038] Unconnected PDN node on net VDD at location (87.400um, 138.720um), layer: 2.
[WARNING PSM-0038] Unconnected PDN node on net VDD at location (50.140um, 133.280um), layer: 2.
[WARNING PSM-0039] Unconnected instance PHY_216 at location (50.140um, 133.280um) layer: 2.
[WARNING PSM-0039] Unconnected instance PHY_222 at location (50.140um, 133.280um) layer: 2.
[WARNING PSM-0038] Unconnected PDN node on net VDD at location (99.820um, 133.280um), layer: 2.
[WARNING PSM-0039] Unconnected instance PHY_223 at location (99.820um, 133.280um) layer: 2.
[WARNING PSM-0039] Unconnected instance PHY_229 at location (99.820um, 133.280um) layer: 2.
[WARNING PSM-0038] Unconnected PDN node on net VDD at location (62.560um, 133.280um), layer: 2.
[WARNING PSM-0038] Unconnected PDN node on net VDD at location (74.980um, 133.280um), layer: 2.
[WARNING PSM-0038] Unconnected PDN node on net VDD at location (87.400um, 133.280um), layer: 2.
[WARNING PSM-0038] Unconnected PDN node on net VDD at location (50.140um, 127.840um), layer: 2.
[WARNING PSM-0039] Unconnected instance PHY_204 at location (50.140um, 127.840um) layer: 2.
[WARNING PSM-0039] Unconnected instance PHY_210 at location (50.140um, 127.840um) layer: 2.
[WARNING PSM-0038] Unconnected PDN node on net VDD at location (99.820um, 127.840um), layer: 2.
[WARNING PSM-0039] Unconnected instance PHY_211 at location (99.820um, 127.840um) layer: 2.
[WARNING PSM-0039] Unconnected instance PHY_217 at location (99.820um, 127.840um) layer: 2.
[WARNING PSM-0038] Unconnected PDN node on net VDD at location (62.560um, 127.840um), layer: 2.
[WARNING PSM-0038] Unconnected PDN node on net VDD at location (74.980um, 127.840um), layer: 2.
[WARNING PSM-0038] Unconnected PDN node on net VDD at location (87.400um, 127.840um), layer: 2.
[WARNING PSM-0038] Unconnected PDN node on net VDD at location (50.140um, 122.400um), layer: 2.
[WARNING PSM-0039] Unconnected instance PHY_192 at location (50.140um, 122.400um) layer: 2.
[WARNING PSM-0039] Unconnected instance PHY_198 at location (50.140um, 122.400um) layer: 2.
[WARNING PSM-0038] Unconnected PDN node on net VDD at location (99.820um, 122.400um), layer: 2.
[WARNING PSM-0039] Unconnected instance PHY_199 at location (99.820um, 122.400um) layer: 2.
[WARNING PSM-0039] Unconnected instance PHY_205 at location (99.820um, 122.400um) layer: 2.
[WARNING PSM-0038] Unconnected PDN node on net VDD at location (62.560um, 122.400um), layer: 2.
[WARNING PSM-0038] Unconnected PDN node on net VDD at location (74.980um, 122.400um), layer: 2.
[WARNING PSM-0038] Unconnected PDN node on net VDD at location (87.400um, 122.400um), layer: 2.
[WARNING PSM-0038] Unconnected PDN node on net VDD at location (50.140um, 116.960um), layer: 2.
[WARNING PSM-0039] Unconnected instance PHY_180 at location (50.140um, 116.960um) layer: 2.
[WARNING PSM-0039] Unconnected instance PHY_186 at location (50.140um, 116.960um) layer: 2.
[WARNING PSM-0038] Unconnected PDN node on net VDD at location (99.820um, 116.960um), layer: 2.
[WARNING PSM-0039] Unconnected instance PHY_187 at location (99.820um, 116.960um) layer: 2.
[WARNING PSM-0039] Unconnected instance PHY_193 at location (99.820um, 116.960um) layer: 2.
[WARNING PSM-0038] Unconnected PDN node on net VDD at location (62.560um, 116.960um), layer: 2.
[WARNING PSM-0038] Unconnected PDN node on net VDD at location (74.980um, 116.960um), layer: 2.
[WARNING PSM-0038] Unconnected PDN node on net VDD at location (87.400um, 116.960um), layer: 2.
[WARNING PSM-0038] Unconnected PDN node on net VDD at location (50.140um, 111.520um), layer: 2.
[WARNING PSM-0039] Unconnected instance PHY_168 at location (50.140um, 111.520um) layer: 2.
[WARNING PSM-0039] Unconnected instance PHY_174 at location (50.140um, 111.520um) layer: 2.
[WARNING PSM-0038] Unconnected PDN node on net VDD at location (99.820um, 111.520um), layer: 2.
[WARNING PSM-0039] Unconnected instance PHY_175 at location (99.820um, 111.520um) layer: 2.
[WARNING PSM-0039] Unconnected instance PHY_181 at location (99.820um, 111.520um) layer: 2.
[WARNING PSM-0038] Unconnected PDN node on net VDD at location (62.560um, 111.520um), layer: 2.
[WARNING PSM-0038] Unconnected PDN node on net VDD at location (74.980um, 111.520um), layer: 2.
[WARNING PSM-0038] Unconnected PDN node on net VDD at location (87.400um, 111.520um), layer: 2.
[WARNING PSM-0038] Unconnected PDN node on net VDD at location (50.140um, 106.080um), layer: 2.
[WARNING PSM-0039] Unconnected instance PHY_156 at location (50.140um, 106.080um) layer: 2.
[WARNING PSM-0039] Unconnected instance PHY_162 at location (50.140um, 106.080um) layer: 2.
[WARNING PSM-0038] Unconnected PDN node on net VDD at location (99.820um, 106.080um), layer: 2.
[WARNING PSM-0039] Unconnected instance PHY_163 at location (99.820um, 106.080um) layer: 2.
[WARNING PSM-0039] Unconnected instance PHY_169 at location (99.820um, 106.080um) layer: 2.
[WARNING PSM-0038] Unconnected PDN node on net VDD at location (62.560um, 106.080um), layer: 2.
[WARNING PSM-0038] Unconnected PDN node on net VDD at location (74.980um, 106.080um), layer: 2.
[WARNING PSM-0038] Unconnected PDN node on net VDD at location (87.400um, 106.080um), layer: 2.
[WARNING PSM-0038] Unconnected PDN node on net VDD at location (50.140um, 100.640um), layer: 2.
[WARNING PSM-0039] Unconnected instance PHY_144 at location (50.140um, 100.640um) layer: 2.
[WARNING PSM-0039] Unconnected instance PHY_150 at location (50.140um, 100.640um) layer: 2.
[WARNING PSM-0038] Unconnected PDN node on net VDD at location (99.820um, 100.640um), layer: 2.
[WARNING PSM-0039] Unconnected instance PHY_151 at location (99.820um, 100.640um) layer: 2.
[WARNING PSM-0039] Unconnected instance PHY_157 at location (99.820um, 100.640um) layer: 2.
[WARNING PSM-0038] Unconnected PDN node on net VDD at location (62.560um, 100.640um), layer: 2.
[WARNING PSM-0038] Unconnected PDN node on net VDD at location (74.980um, 100.640um), layer: 2.
[WARNING PSM-0038] Unconnected PDN node on net VDD at location (87.400um, 100.640um), layer: 2.
[WARNING PSM-0039] Unconnected instance PHY_145 at location (87.400um, 100.640um) layer: 2.
[WARNING PSM-0038] Unconnected PDN node on net VDD at location (50.140um, 95.200um), layer: 2.
[WARNING PSM-0039] Unconnected instance PHY_132 at location (50.140um, 95.200um) layer: 2.
[WARNING PSM-0039] Unconnected instance PHY_138 at location (50.140um, 95.200um) layer: 2.
[WARNING PSM-0038] Unconnected PDN node on net VDD at location (77.280um, 95.200um), layer: 2.
[WARNING PSM-0039] Unconnected instance PHY_133 at location (77.280um, 95.200um) layer: 2.
[WARNING PSM-0039] Unconnected instance PHY_139 at location (77.280um, 95.200um) layer: 2.
[WARNING PSM-0038] Unconnected PDN node on net VDD at location (63.710um, 95.200um), layer: 2.
[WARNING PSM-0038] Unconnected PDN node on net VDD at location (50.140um, 89.760um), layer: 2.
[WARNING PSM-0039] Unconnected instance PHY_120 at location (50.140um, 89.760um) layer: 2.
[WARNING PSM-0039] Unconnected instance PHY_126 at location (50.140um, 89.760um) layer: 2.
[WARNING PSM-0038] Unconnected PDN node on net VDD at location (77.280um, 89.760um), layer: 2.
[WARNING PSM-0039] Unconnected instance PHY_127 at location (77.280um, 89.760um) layer: 2.
[WARNING PSM-0038] Unconnected PDN node on net VDD at location (63.710um, 89.760um), layer: 2.
[WARNING PSM-0038] Unconnected PDN node on net VDD at location (50.140um, 84.320um), layer: 2.
[WARNING PSM-0039] Unconnected instance PHY_108 at location (50.140um, 84.320um) layer: 2.
[WARNING PSM-0039] Unconnected instance PHY_114 at location (50.140um, 84.320um) layer: 2.
[WARNING PSM-0038] Unconnected PDN node on net VDD at location (99.820um, 84.320um), layer: 2.
[WARNING PSM-0038] Unconnected PDN node on net VDD at location (62.560um, 84.320um), layer: 2.
[WARNING PSM-0038] Unconnected PDN node on net VDD at location (74.980um, 84.320um), layer: 2.
[WARNING PSM-0039] Unconnected instance PHY_115 at location (74.980um, 84.320um) layer: 2.
[WARNING PSM-0039] Unconnected instance PHY_121 at location (74.980um, 84.320um) layer: 2.
[WARNING PSM-0038] Unconnected PDN node on net VDD at location (87.400um, 84.320um), layer: 2.
[WARNING PSM-0038] Unconnected PDN node on net VDD at location (50.140um, 78.880um), layer: 2.
[WARNING PSM-0039] Unconnected instance PHY_96 at location (50.140um, 78.880um) layer: 2.
[WARNING PSM-0039] Unconnected instance PHY_102 at location (50.140um, 78.880um) layer: 2.
[WARNING PSM-0038] Unconnected PDN node on net VDD at location (99.820um, 78.880um), layer: 2.
[WARNING PSM-0039] Unconnected instance PHY_103 at location (99.820um, 78.880um) layer: 2.
[WARNING PSM-0039] Unconnected instance PHY_109 at location (99.820um, 78.880um) layer: 2.
[WARNING PSM-0038] Unconnected PDN node on net VDD at location (62.560um, 78.880um), layer: 2.
[WARNING PSM-0038] Unconnected PDN node on net VDD at location (74.980um, 78.880um), layer: 2.
[WARNING PSM-0038] Unconnected PDN node on net VDD at location (87.400um, 78.880um), layer: 2.
[WARNING PSM-0038] Unconnected PDN node on net VDD at location (50.140um, 73.440um), layer: 2.
[WARNING PSM-0039] Unconnected instance PHY_84 at location (50.140um, 73.440um) layer: 2.
[WARNING PSM-0039] Unconnected instance PHY_90 at location (50.140um, 73.440um) layer: 2.
[WARNING PSM-0038] Unconnected PDN node on net VDD at location (99.820um, 73.440um), layer: 2.
[WARNING PSM-0039] Unconnected instance PHY_91 at location (99.820um, 73.440um) layer: 2.
[WARNING PSM-0039] Unconnected instance PHY_97 at location (99.820um, 73.440um) layer: 2.
[WARNING PSM-0038] Unconnected PDN node on net VDD at location (62.560um, 73.440um), layer: 2.
[WARNING PSM-0038] Unconnected PDN node on net VDD at location (74.980um, 73.440um), layer: 2.
[WARNING PSM-0038] Unconnected PDN node on net VDD at location (87.400um, 73.440um), layer: 2.
[WARNING PSM-0038] Unconnected PDN node on net VDD at location (50.140um, 68.000um), layer: 2.
[WARNING PSM-0039] Unconnected instance PHY_72 at location (50.140um, 68.000um) layer: 2.
[WARNING PSM-0039] Unconnected instance PHY_78 at location (50.140um, 68.000um) layer: 2.
[WARNING PSM-0038] Unconnected PDN node on net VDD at location (99.820um, 68.000um), layer: 2.
[WARNING PSM-0039] Unconnected instance PHY_79 at location (99.820um, 68.000um) layer: 2.
[WARNING PSM-0039] Unconnected instance PHY_85 at location (99.820um, 68.000um) layer: 2.
[WARNING PSM-0038] Unconnected PDN node on net VDD at location (62.560um, 68.000um), layer: 2.
[WARNING PSM-0038] Unconnected PDN node on net VDD at location (74.980um, 68.000um), layer: 2.
[WARNING PSM-0038] Unconnected PDN node on net VDD at location (87.400um, 68.000um), layer: 2.
[WARNING PSM-0038] Unconnected PDN node on net VDD at location (50.140um, 62.560um), layer: 2.
[WARNING PSM-0039] Unconnected instance PHY_60 at location (50.140um, 62.560um) layer: 2.
[WARNING PSM-0039] Unconnected instance PHY_66 at location (50.140um, 62.560um) layer: 2.
[WARNING PSM-0038] Unconnected PDN node on net VDD at location (99.820um, 62.560um), layer: 2.
[WARNING PSM-0039] Unconnected instance PHY_67 at location (99.820um, 62.560um) layer: 2.
[WARNING PSM-0039] Unconnected instance PHY_73 at location (99.820um, 62.560um) layer: 2.
[WARNING PSM-0038] Unconnected PDN node on net VDD at location (62.560um, 62.560um), layer: 2.
[WARNING PSM-0038] Unconnected PDN node on net VDD at location (74.980um, 62.560um), layer: 2.
[WARNING PSM-0038] Unconnected PDN node on net VDD at location (87.400um, 62.560um), layer: 2.
[WARNING PSM-0038] Unconnected PDN node on net VDD at location (50.140um, 57.120um), layer: 2.
[WARNING PSM-0039] Unconnected instance PHY_48 at location (50.140um, 57.120um) layer: 2.
[WARNING PSM-0039] Unconnected instance PHY_54 at location (50.140um, 57.120um) layer: 2.
[WARNING PSM-0038] Unconnected PDN node on net VDD at location (99.820um, 57.120um), layer: 2.
[WARNING PSM-0039] Unconnected instance PHY_55 at location (99.820um, 57.120um) layer: 2.
[WARNING PSM-0039] Unconnected instance PHY_61 at location (99.820um, 57.120um) layer: 2.
[WARNING PSM-0038] Unconnected PDN node on net VDD at location (62.560um, 57.120um), layer: 2.
[WARNING PSM-0038] Unconnected PDN node on net VDD at location (74.980um, 57.120um), layer: 2.
[WARNING PSM-0038] Unconnected PDN node on net VDD at location (87.400um, 57.120um), layer: 2.
[WARNING PSM-0038] Unconnected PDN node on net VDD at location (50.140um, 51.680um), layer: 2.
[WARNING PSM-0039] Unconnected instance PHY_42 at location (50.140um, 51.680um) layer: 2.
[WARNING PSM-0038] Unconnected PDN node on net VDD at location (99.820um, 51.680um), layer: 2.
[WARNING PSM-0039] Unconnected instance PHY_43 at location (99.820um, 51.680um) layer: 2.
[WARNING PSM-0039] Unconnected instance PHY_49 at location (99.820um, 51.680um) layer: 2.
[WARNING PSM-0038] Unconnected PDN node on net VDD at location (62.560um, 51.680um), layer: 2.
[WARNING PSM-0038] Unconnected PDN node on net VDD at location (74.980um, 51.680um), layer: 2.
[WARNING PSM-0038] Unconnected PDN node on net VDD at location (87.400um, 51.680um), layer: 2.
[ERROR PSM-0078] IR drop setup failed.  Analysis can't proceed.
Error: final_report.tcl, 55 PSM-0078
Command exited with non-zero status 1
Elapsed time: 0:00.39[h:]min:sec. CPU time: user 0.35 sys 0.03 (98%). Peak memory: 118172KB.
